<?xml version="1.0" encoding="UTF-8"?>
<testsuite xmlns:xsi="http://www.w3.org/2001/XMLSchema-instance" xsi:noNamespaceSchemaLocation="https://maven.apache.org/surefire/maven-surefire-plugin/xsd/surefire-test-report-3.0.xsd" version="3.0" name="TestSuite" time="0.556" tests="3" errors="0" skipped="2" failures="1">
  <properties>
[...]
</properties>
  <testcase name="setup" classname="testCases.TC_001_AccountRegistrationTest" time="0.403">
    <failure message="&#10;Parameter &apos;browser&apos; is required by BeforeClass on method setup but has not been marked @Optional or defined&#10;in C:\Users\gangadaran.r\eclipse-workspace\opencartv1.2\master.xml" type="org.testng.TestNGException"><![CDATA[org.testng.TestNGException: 

Parameter 'browser' is required by BeforeClass on method setup but has not been marked @Optional or defined
in C:\Users\gangadaran.r\eclipse-workspace\opencartv1.2\master.xml
	at org.testng.internal.Parameters.createParams(Parameters.java:264)
	at org.testng.internal.Parameters.createParametersForMethod(Parameters.java:352)
	at org.testng.internal.Parameters.createParameters(Parameters.java:690)
	at org.testng.internal.Parameters.createConfigurationParameters(Parameters.java:163)
	at org.testng.internal.invokers.ConfigInvoker.invokeConfigurations(ConfigInvoker.java:313)
	at org.testng.internal.invokers.TestMethodWorker.invokeBeforeClassMethods(TestMethodWorker.java:188)
	at org.testng.internal.invokers.TestMethodWorker.run(TestMethodWorker.java:128)
	at java.base/java.util.ArrayList.forEach(ArrayList.java:1511)
	at org.testng.TestRunner.privateRun(TestRunner.java:739)
	at org.testng.TestRunner.run(TestRunner.java:614)
	at org.testng.SuiteRunner.runTest(SuiteRunner.java:421)
	at org.testng.SuiteRunner.runSequentially(SuiteRunner.java:413)
	at org.testng.SuiteRunner.privateRun(SuiteRunner.java:373)
	at org.testng.SuiteRunner.run(SuiteRunner.java:312)
	at org.testng.SuiteRunnerWorker.runSuite(SuiteRunnerWorker.java:52)
	at org.testng.SuiteRunnerWorker.run(SuiteRunnerWorker.java:95)
	at org.testng.TestNG.runSuitesSequentially(TestNG.java:1274)
	at org.testng.TestNG.runSuitesLocally(TestNG.java:1208)
	at org.testng.TestNG.runSuites(TestNG.java:1112)
	at org.testng.TestNG.run(TestNG.java:1079)
	at org.apache.maven.surefire.testng.TestNGExecutor.run(TestNGExecutor.java:308)
	at org.apache.maven.surefire.testng.TestNGXmlTestSuite.execute(TestNGXmlTestSuite.java:71)
	at org.apache.maven.surefire.testng.TestNGProvider.invoke(TestNGProvider.java:113)
	at org.apache.maven.surefire.booter.ForkedBooter.runSuitesInProcess(ForkedBooter.java:385)
	at org.apache.maven.surefire.booter.ForkedBooter.execute(ForkedBooter.java:162)
	at org.apache.maven.surefire.booter.ForkedBooter.run(ForkedBooter.java:507)
	at org.apache.maven.surefire.booter.ForkedBooter.main(ForkedBooter.java:495)
]]></failure>
  </testcase>
  <testcase name="verify_account_registration" classname="testCases.TC_001_AccountRegistrationTest" time="0.0">
    <skipped message="&#10;Parameter &apos;browser&apos; is required by BeforeClass on method setup but has not been marked @Optional or defined&#10;in C:\Users\gangadaran.r\eclipse-workspace\opencartv1.2\master.xml"/>
  </testcase>
  <testcase name="tearDown" classname="testCases.TC_001_AccountRegistrationTest" time="0.0">
    <skipped/>
  </testcase>
</testsuite>